0 info it worked if it ends with ok
1 verbose cli [ '/usr/local/bin/node',
1 verbose cli   '/usr/local/bin/npm',
1 verbose cli   'run',
1 verbose cli   'e2e-explore' ]
2 info using npm@3.3.12
3 info using node@v5.4.1
4 verbose run-script [ 'pree2e-explore', 'e2e-explore', 'poste2e-explore' ]
5 info lifecycle app@1.0.0~pree2e-explore: app@1.0.0
6 silly lifecycle app@1.0.0~pree2e-explore: no script for pree2e-explore, continuing
7 info lifecycle app@1.0.0~e2e-explore: app@1.0.0
8 verbose lifecycle app@1.0.0~e2e-explore: unsafe-perm in lifecycle true
9 verbose lifecycle app@1.0.0~e2e-explore: PATH: /usr/local/lib/node_modules/npm/bin/node-gyp-bin:/Users/marty/codefellows/pdx401/class-work/week6/feb_11_protractor/app/node_modules/.bin:/usr/local/heroku/bin:/Users/marty/npm-global/bin:/Users/marty/local/bin:/usr/bin:/bin:/usr/sbin:/sbin:/usr/local/bin:~/bin:/Applications/Postgres.app/Contents/Versions/latest/bin
10 verbose lifecycle app@1.0.0~e2e-explore: CWD: /Users/marty/codefellows/pdx401/class-work/week6/feb_11_protractor/app
11 silly lifecycle app@1.0.0~e2e-explore: Args: [ '-c', 'protractor --elementExplorer' ]
12 silly lifecycle app@1.0.0~e2e-explore: Returned: code: 1  signal: null
13 info lifecycle app@1.0.0~e2e-explore: Failed to exec e2e-explore script
14 verbose stack Error: app@1.0.0 e2e-explore: `protractor --elementExplorer`
14 verbose stack Exit status 1
14 verbose stack     at EventEmitter.<anonymous> (/usr/local/lib/node_modules/npm/lib/utils/lifecycle.js:232:16)
14 verbose stack     at emitTwo (events.js:87:13)
14 verbose stack     at EventEmitter.emit (events.js:172:7)
14 verbose stack     at ChildProcess.<anonymous> (/usr/local/lib/node_modules/npm/lib/utils/spawn.js:24:14)
14 verbose stack     at emitTwo (events.js:87:13)
14 verbose stack     at ChildProcess.emit (events.js:172:7)
14 verbose stack     at maybeClose (internal/child_process.js:821:16)
14 verbose stack     at Process.ChildProcess._handle.onexit (internal/child_process.js:211:5)
15 verbose pkgid app@1.0.0
16 verbose cwd /Users/marty/codefellows/pdx401/class-work/week6/feb_11_protractor/app
17 error Darwin 15.0.0
18 error argv "/usr/local/bin/node" "/usr/local/bin/npm" "run" "e2e-explore"
19 error node v5.4.1
20 error npm  v3.3.12
21 error code ELIFECYCLE
22 error app@1.0.0 e2e-explore: `protractor --elementExplorer`
22 error Exit status 1
23 error Failed at the app@1.0.0 e2e-explore script 'protractor --elementExplorer'.
23 error Make sure you have the latest version of node.js and npm installed.
23 error If you do, this is most likely a problem with the app package,
23 error not with npm itself.
23 error Tell the author that this fails on your system:
23 error     protractor --elementExplorer
23 error You can get their info via:
23 error     npm owner ls app
23 error There is likely additional logging output above.
24 verbose exit [ 1, true ]
